<?xml version="1.0" encoding="UTF-8"?>
<testsuite name="com.example.project.TestWordPair" tests="2" skipped="0" failures="0" errors="0" timestamp="2025-02-16T21:29:31" hostname="codespaces-b5e096" time="0.117">
  <properties/>
  <testcase name="testPARTA()" classname="com.example.project.TestWordPair" time="0.101"/>
  <testcase name="testPARTB()" classname="com.example.project.TestWordPair" time="0.002"/>
  <system-out><![CDATA[]]></system-out>
  <system-err><![CDATA[]]></system-err>
</testsuite>
