<?xml version="1.0" encoding="UTF-8"?>
<testsuite name="com.example.project.TestUtility" tests="1" skipped="0" failures="0" errors="0" timestamp="2025-02-16T21:29:31" hostname="codespaces-b5e096" time="0.006">
  <properties/>
  <testcase name="testSort()" classname="com.example.project.TestUtility" time="0.006"/>
  <system-out><![CDATA[]]></system-out>
  <system-err><![CDATA[]]></system-err>
</testsuite>
